#1
_program
  #1
  _class
    C
    Main
    "in_test_good.cl"
    (
    )
  #5
  _class
    Main
    Object
    "in_test_good.cl"
    (
    #6
    _attr
      a
      Int
      #0
      _no_expr
      : _no_type
    #7
    _attr
      b
      Bool
      #0
      _no_expr
      : _no_type
    #8
    _method
      main
      C
      #9
      _new
        C
      : C
    )
  #13
  _class
    Def
    Object
    "in_test_good.cl"
    (
    )
  #17
  _class
    D
    Def
    "in_test_good.cl"
    (
    )
  #21
  _class
    X
    D
    "in_test_good.cl"
    (
    )
  #25
  _class
    S
    Object
    "in_test_good.cl"
    (
    )
