Error : java_cup.runtime.Symbol "expr_list" has not been declared
===== Terminals =====
[0]EOF [1]error [2]CLASS [3]ELSE [4]FI 
[5]IF [6]IN [7]INHERITS [8]LET [9]LET_STMT 
[10]LOOP [11]POOL [12]THEN [13]WHILE [14]CASE 
[15]ESAC [16]OF [17]DARROW [18]NEW [19]ISVOID 
[20]ASSIGN [21]NOT [22]LE [23]ERROR [24]PLUS 
[25]DIV [26]MINUS [27]MULT [28]EQ [29]LT 
[30]DOT [31]NEG [32]COMMA [33]SEMI [34]COLON 
[35]LPAREN [36]RPAREN [37]AT [38]LBRACE [39]RBRACE 
[40]STR_CONST [41]INT_CONST [42]BOOL_CONST [43]TYPEID [44]OBJECTID 


===== Non terminals =====
[0]program [1]class_list [2]class [3]feature_list [4]feature 
[5]formal_list [6]formal [7]expr_list_geq1 [8]expr [9]_case 
[10]_case_list 

===== Productions =====
[0] program ::= class_list 
[1] $START ::= program EOF 
[2] class_list ::= class 
[3] class_list ::= class_list class 
[4] class ::= CLASS TYPEID LBRACE feature_list RBRACE SEMI 
[5] class ::= CLASS TYPEID INHERITS TYPEID LBRACE feature_list RBRACE SEMI 
[6] feature_list ::= 
[7] feature_list ::= feature_list feature SEMI 
[8] feature ::= OBJECTID COLON TYPEID 
[9] feature ::= OBJECTID COLON TYPEID ASSIGN expr 
[10] feature ::= OBJECTID LPAREN RPAREN COLON TYPEID LBRACE expr RBRACE 
[11] feature ::= OBJECTID LPAREN formal_list RPAREN COLON TYPEID LBRACE expr RBRACE 
[12] formal_list ::= formal 
[13] formal_list ::= formal_list COMMA formal 
[14] formal ::= OBJECTID COLON TYPEID 
[15] expr_list_geq1 ::= expr SEMI 
[16] expr_list_geq1 ::= expr_list_geq1 expr SEMI 
[17] expr ::= OBJECTID ASSIGN expr 
[18] expr ::= IF expr THEN expr ELSE expr FI 
[19] expr ::= WHILE expr LOOP expr POOL 
[20] expr ::= LBRACE expr_list_geq1 RBRACE 
[21] expr ::= LET OBJECTID COLON TYPEID IN expr 
[22] expr ::= LET OBJECTID COLON TYPEID ASSIGN expr IN expr 
[23] expr ::= LET OBJECTID COLON TYPEID ASSIGN expr IN expr 
[24] expr ::= LET OBJECTID COLON TYPEID IN expr 
[25] expr ::= NEW TYPEID 
[26] expr ::= ISVOID expr 
[27] expr ::= expr PLUS expr 
[28] expr ::= expr MINUS expr 
[29] expr ::= expr MULT expr 
[30] expr ::= expr DIV expr 
[31] expr ::= NEG expr 
[32] expr ::= expr LT expr 
[33] expr ::= expr LE expr 
[34] expr ::= expr EQ expr 
[35] expr ::= NOT expr 
[36] expr ::= LPAREN expr RPAREN 
[37] expr ::= OBJECTID 
[38] expr ::= INT_CONST 
[39] expr ::= STR_CONST 
[40] expr ::= BOOL_CONST 

===== Viable Prefix Recognizer =====
null
null
------- CUP v0.11a beta 20060608 Parser Generation Summary -------
  1 error and 0 warnings
  45 terminals, 11 non-terminals, and 41 productions declared, 
  producing 0 unique parse states.
  0 terminals declared but not used.
  0 non-terminals declared but not used.
  0 productions never reduced.
  0 conflicts detected (10000 expected).
  No code produced.
---------------------------------------------------- (v0.11a beta 20060608)
